Run KATA_NUM=1
  KATA_NUM=1
  echo "üéØ Testing Kata $KATA_NUM with server tests..."
  
  # Verificar que existe la kata actual
  if [ ! -d "katas/kata-$KATA_NUM" ]; then
    echo "‚ùå Kata $KATA_NUM directory not found"
    echo "result=failure" >> $GITHUB_OUTPUT
    echo "error_message=Kata directory not found" >> $GITHUB_OUTPUT
    exit 1
  fi
  
  # üîí DESCARGAR SERVER TESTS desde el template (seguridad)
  # Los server tests NO est√°n en el repo del estudiante para prevenir que vean las pruebas
  echo "üîê Descargando server tests desde template..."
  
  TEMPLATE_REPO="SincosoftSAS/tdd-katas-progressive-template"
  SERVER_TESTS_URL="https://raw.githubusercontent.com/$TEMPLATE_REPO/master/.github/server-tests/kata-$KATA_NUM/ServerTests.cs"
  
  mkdir -p ".github/server-tests/kata-$KATA_NUM"
  
  if ! curl -f -H "Authorization: token ***" \
       -o ".github/server-tests/kata-$KATA_NUM/ServerTests.cs" \
       "$SERVER_TESTS_URL" 2>/dev/null; then
    echo "‚ùå Could not download server tests for kata-$KATA_NUM"
    echo "result=failure" >> $GITHUB_OUTPUT
    echo "error_message=Server tests not found in template" >> $GITHUB_OUTPUT
    exit 1
  fi
  
  echo "‚úÖ Server tests downloaded successfully"
  
  cd "katas/kata-$KATA_NUM"
  
  echo "üî® Building student solution..."
  if ! dotnet build --verbosity quiet > ../../build-output.txt 2>&1; then
    echo "‚ùå Build failed"
    echo "result=failure" >> $GITHUB_OUTPUT
    echo "error_message=Build failed" >> $GITHUB_OUTPUT
    echo ""
    echo "üìã Build Error Details:"
    cat ../../build-output.txt
    exit 1
  fi
  
  echo "üß™ Running student tests (quick check)..."
  dotnet test --verbosity quiet --logger "console;verbosity=minimal" || echo "‚ÑπÔ∏è Student tests may fail (TDD process)"
  
  echo ""
  echo "üîç Running SERVER TESTS (comprehensive evaluation)..."
  
  # Crear directorio temporal para las pruebas del servidor
  cd ../../
  mkdir -p temp-server-tests
  
  # Copiar TODA la estructura del proyecto del estudiante
  cp -r "katas/kata-$KATA_NUM" "temp-server-tests/"
  
  cd "temp-server-tests/kata-$KATA_NUM"
  
  echo "üìã Original test files:"
  find . -name "*Tests.cs" -o -name "*Test.cs" | head -5
  
  # AGREGAR los archivos de server tests al proyecto como archivos adicionales
  # Esto permite ejecutar tanto los tests del estudiante como los del servidor
  
  SERVER_TEST_FILE="../../.github/server-tests/kata-$KATA_NUM/ServerTests.cs"
  if [ -f "$SERVER_TEST_FILE" ]; then
    echo "üîÑ Adding comprehensive server tests to project..."
    
    # Encontrar el directorio de tests del proyecto
    TEST_DIR=$(find . -name "*.Tests" -type d | head -1)
    if [ -n "$TEST_DIR" ]; then
      echo "  üìÅ Found test directory: $TEST_DIR"
      # Copiar el archivo de server tests al directorio de tests
      cp "$SERVER_TEST_FILE" "$TEST_DIR/ServerTests.cs"
      echo "  üìù Added ServerTests.cs with comprehensive server tests"
    else
      echo "  ‚ùå Could not find test directory"
      echo "result=failure" >> $GITHUB_OUTPUT
      echo "error_message=Test directory not found" >> $GITHUB_OUTPUT
      cd ../../
      rm -rf temp-server-tests
      exit 1
    fi
  else
    echo "  ‚ùå Server test file not found: $SERVER_TEST_FILE"
    echo "result=failure" >> $GITHUB_OUTPUT
    echo "error_message=Server tests not found" >> $GITHUB_OUTPUT
    cd ../../
    rm -rf temp-server-tests
    exit 1
  fi
  
  echo ""
  echo "üìã After adding server tests - test files content:"
  find . -name "*Tests.cs" -not -path "*/obj/*" -not -path "*/bin/*" | while read testfile; do
    # Saltar archivos de template vac√≠os como UnitTest1.cs
    if [[ "$(basename "$testfile")" == "UnitTest1.cs" ]]; then
      echo "üìÑ $testfile: (skipping default template file)"
      continue
    fi
    
    echo "üìÑ $testfile:"
    # Contar tanto [Fact] (xUnit) como [TestMethod] (MSTest) para compatibilidad
    FACT_COUNT=$(grep -c "\[Fact\]" "$testfile" 2>/dev/null || echo "0")
    TESTMETHOD_COUNT=$(grep -c "\[TestMethod\]" "$testfile" 2>/dev/null || echo "0")
    
    # Asegurar que son n√∫meros v√°lidos
    if ! [[ "$FACT_COUNT" =~ ^[0-9]+$ ]]; then
      FACT_COUNT=0
    fi
    if ! [[ "$TESTMETHOD_COUNT" =~ ^[0-9]+$ ]]; then
      TESTMETHOD_COUNT=0
    fi
    
    TOTAL_TESTS=$((FACT_COUNT + TESTMETHOD_COUNT))
    echo "  xUnit [Fact] tests: $FACT_COUNT"
    echo "  MSTest [TestMethod] tests: $TESTMETHOD_COUNT" 
    echo "  Total test methods: $TOTAL_TESTS"
  done
  
  echo ""
  echo "üî® Building with server tests..."
  if ! dotnet build --verbosity normal > ../../server-build-output.txt 2>&1; then
    echo "‚ùå Build with server tests failed"
    echo "result=failure" >> $GITHUB_OUTPUT
    echo "error_message=Server build failed" >> $GITHUB_OUTPUT
    echo ""
    echo "üìã Server Build Error Details:"
    cat ../../server-build-output.txt
    cd ../../
    rm -rf temp-server-tests
    exit 1
  fi
  
  echo ""
  echo "üß™ Executing SERVER TESTS..."
  # Ejecutar las pruebas del servidor (ahora incluidas como archivo adicional)
  if dotnet test --verbosity normal --logger "console;verbosity=detailed" > ../../server-test-output.txt 2>&1; then
    echo "‚úÖ ALL SERVER TESTS PASSED! Kata $KATA_NUM completed successfully"
    echo "result=success" >> $GITHUB_OUTPUT
    
    # Mostrar resumen completo
    echo ""
    echo "üìä Complete Test Results Summary:"
    cat ../../server-test-output.txt | grep -E "(Passed|Failed|Skipped|Total)" || echo "Could not parse results"
    
    # Contar tests ejecutados
    TOTAL_TESTS=$(cat ../../server-test-output.txt | grep -o "Passed.*" | wc -l)
    echo ""
    echo "üéØ Total server tests executed: $TOTAL_TESTS"
    
  else
    echo "‚ùå SERVER TESTS FAILED - Kata $KATA_NUM not yet complete"
    echo "result=failure" >> $GITHUB_OUTPUT
  
    echo ""
    echo "üìã Detailed server test failure report:"
    cat ../../server-test-output.txt
  
    echo ""
    echo "üîç Extracting specific failed test information..."
  
    # Extraer informaci√≥n de tests fallidos con nombres y errores espec√≠ficos
    echo "üìã Processing test failures..."
  
    # Crear archivo temporal con toda la informaci√≥n de fallos
    cat ../../server-test-output.txt > ../../full-test-output.txt
  
    # Inicializar archivo de fallos
    echo "" > ../../structured-failures.txt
  
    # Extraer tests fallidos usando un enfoque m√°s directo
    echo "üîç Searching for failed tests..."
  
    # Buscar l√≠neas que contienen FAIL o Failed y extraer nombres de tests
    grep -E "FAIL|Failed" ../../full-test-output.txt | while IFS= read -r line; do
      echo "Processing line: $line" >&2
      
      # Extraer nombre del test de diferentes patrones
      if [[ "$line" =~ ServerTests\.([A-Za-z_][A-Za-z0-9_]*) ]]; then
        # Patr√≥n: FAIL ServerTests.Generate_WithOne_ReturnsListWithOne
        RAW_NAME=$(echo "$line" | grep -o 'ServerTests\.[A-Za-z_][A-Za-z0-9_]*' | sed 's/ServerTests\.//')
        CLEAN_NAME=$(echo "$RAW_NAME" | sed 's/_/ /g')
        echo "‚ùå $CLEAN_NAME" >> ../../structured-failures.txt
        echo "Found test: $CLEAN_NAME" >&2
      elif [[ "$line" =~ Tests\.([A-Za-z_][A-Za-z0-9_]*) ]]; then
        # Patr√≥n: FAIL FizzBuzz.Tests.Generate_WithOne_ReturnsListWithOne
        RAW_NAME=$(echo "$line" | grep -o 'Tests\.[A-Za-z_][A-Za-z0-9_]*' | sed 's/Tests\.//')
        CLEAN_NAME=$(echo "$RAW_NAME" | sed 's/_/ /g')
        echo "‚ùå $CLEAN_NAME" >> ../../structured-failures.txt
        echo "Found test: $CLEAN_NAME" >&2
      elif [[ "$line" =~ Failed\ ([A-Za-z_][A-Za-z0-9_]*) ]]; then
        # Patr√≥n: Failed Generate_WithOne_ReturnsListWithOne
        RAW_NAME=$(echo "$line" | grep -o 'Failed [A-Za-z_][A-Za-z0-9_]*' | sed 's/Failed //')
        CLEAN_NAME=$(echo "$RAW_NAME" | sed 's/_/ /g')
        echo "‚ùå $CLEAN_NAME" >> ../../structured-failures.txt
        echo "Found test: $CLEAN_NAME" >&2
      fi
    done
    
    # Verificar si encontramos tests fallidos
    if [ -f "../../structured-failures.txt" ] && [ -s "../../structured-failures.txt" ]; then
      # Limpiar y deduplicar
      sort -u ../../structured-failures.txt > ../../failed-test-details.txt
      FOUND_TESTS=$(cat ../../failed-test-details.txt)
      echo "üìù Failed tests identified:"
      echo "$FOUND_TESTS"
    else
      echo "‚ö†Ô∏è No failed tests found with structured approach, trying alternative..."
      
      # M√©todo alternativo: buscar cualquier l√≠nea con "FAIL" y extraer lo que sigue
      grep -o "FAIL.*" ../../full-test-output.txt | head -10 | while IFS= read -r fail_line; do
        # Extraer la parte m√°s probable del nombre del test
        if [[ "$fail_line" =~ ([A-Za-z_][A-Za-z0-9_]{5,}) ]]; then
          RAW_NAME="${BASH_REMATCH[1]}"
          CLEAN_NAME=$(echo "$RAW_NAME" | sed 's/_/ /g')
          echo "‚ùå $CLEAN_NAME" >> ../../failed-test-details.txt
        fi
      done
      
      if [ ! -f "../../failed-test-details.txt" ] || [ ! -s "../../failed-test-details.txt" ]; then
        echo "‚ùå Algunas pruebas fallaron (ejecuta 'dotnet test' localmente para ver detalles)" > ../../failed-test-details.txt
      fi
    fi
    
    echo ""
    echo "üí° Keep implementing using TDD until all functionality is complete!"
    echo "üìù Server tests are comprehensive and test ALL required features."
  
    # Guardar la informaci√≥n de tests fallidos en el output del step
    if [ -f "../../failed-test-details.txt" ]; then
      FAILED_TESTS_CONTENT=$(cat ../../failed-test-details.txt)
      # Usar delimitador EOF para contenido multil√≠nea
      echo "failed_tests_details<<EOF" >> $GITHUB_OUTPUT
      echo "$FAILED_TESTS_CONTENT" >> $GITHUB_OUTPUT
      echo "EOF" >> $GITHUB_OUTPUT
  
      # Tambi√©n imprimir en formato especial para que el webhook pueda extraerlo
      echo ""
      echo "::group::üìù Failed tests identified:"
      echo "$FAILED_TESTS_CONTENT"
      echo "::endgroup::"
  
      # Guardar en el job summary para que sea accesible desde la API
      echo "## üìù Failed Tests" >> $GITHUB_STEP_SUMMARY
      echo "" >> $GITHUB_STEP_SUMMARY
      echo "$FAILED_TESTS_CONTENT" >> $GITHUB_STEP_SUMMARY
    else
      echo "failed_tests_details=‚ùå No se pudieron extraer detalles de tests fallidos" >> $GITHUB_OUTPUT
    fi
  
    # Limpiar y salir con error
    cd ../../
    rm -rf temp-server-tests
    exit 1
  fi
  
  # Limpiar (solo si fue exitoso)
  cd ../../
  rm -rf temp-server-tests
  shell: /usr/bin/bash -e {0}
  env:
    DOTNET_ROOT: /usr/share/dotnet
üéØ Testing Kata 1 with server tests...
üîê Descargando server tests desde template...
‚úÖ Server tests downloaded successfully
üî® Building student solution...
üß™ Running student tests (quick check)...
Test run for /home/runner/work/katas-tdd-jaimeforerog/katas-tdd-jaimeforerog/katas/kata-1/tests/FizzBuzz.Tests/bin/Debug/net9.0/FizzBuzz.Tests.dll (.NETCoreApp,Version=v9.0)
VSTest version 18.0.1 (x64)
Starting test execution, please wait...
A total of 1 test files matched the specified pattern.
Passed!  - Failed:     0, Passed:     6, Skipped:     0, Total:     6, Duration: 77 ms - FizzBuzz.Tests.dll (net9.0)
üîç Running SERVER TESTS (comprehensive evaluation)...
üìã Original test files:
./tests/FizzBuzz.Tests/FizzBuzzGeneratorTests.cs
üîÑ Adding comprehensive server tests to project...
  üìÅ Found test directory: ./tests/FizzBuzz.Tests
  üìù Added ServerTests.cs with comprehensive server tests
üìã After adding server tests - test files content:
üìÑ ./tests/FizzBuzz.Tests/ServerTests.cs:
  xUnit [Fact] tests: 10
  MSTest [TestMethod] tests: 0
  Total test methods: 10
üìÑ ./tests/FizzBuzz.Tests/FizzBuzzGeneratorTests.cs:
  xUnit [Fact] tests: 1
  MSTest [TestMethod] tests: 0
  Total test methods: 1
üî® Building with server tests...
‚ùå Build with server tests failed
üìã Server Build Error Details:
Build started 12/06/2025 03:33:00.
     1>Project "/home/runner/work/katas-tdd-jaimeforerog/katas-tdd-jaimeforerog/temp-server-tests/kata-1/Kata1.sln" on node 1 (Restore target(s)).
     1>ValidateSolutionConfiguration:
         Building solution configuration "Debug|Any CPU".
       _GetAllRestoreProjectPathItems:
         Determining projects to restore...
       Restore:
         X.509 certificate chain validation will use the fallback certificate bundle at '/usr/share/dotnet/sdk/10.0.100/trustedroots/codesignctl.pem'.
         X.509 certificate chain validation will use the fallback certificate bundle at '/usr/share/dotnet/sdk/10.0.100/trustedroots/timestampctl.pem'.
         Restoring packages for /home/runner/work/katas-tdd-jaimeforerog/katas-tdd-jaimeforerog/temp-server-tests/kata-1/tests/FizzBuzz.Tests/FizzBuzz.Tests.csproj...
         Restoring packages for /home/runner/work/katas-tdd-jaimeforerog/katas-tdd-jaimeforerog/temp-server-tests/kata-1/src/FizzBuzz/FizzBuzz.csproj...
           CACHE https://api.nuget.org/v3/vulnerabilities/index.json
           CACHE https://api.nuget.org/v3-vulnerabilities/2025.12.03.23.35.17/vulnerability.base.json
           CACHE https://api.nuget.org/v3-vulnerabilities/2025.12.03.23.35.17/2025.12.05.11.35.21/vulnerability.update.json
         Writing assets file to disk. Path: /home/runner/work/katas-tdd-jaimeforerog/katas-tdd-jaimeforerog/temp-server-tests/kata-1/src/FizzBuzz/obj/project.assets.json
         Writing assets file to disk. Path: /home/runner/work/katas-tdd-jaimeforerog/katas-tdd-jaimeforerog/temp-server-tests/kata-1/tests/FizzBuzz.Tests/obj/project.assets.json
         Restored /home/runner/work/katas-tdd-jaimeforerog/katas-tdd-jaimeforerog/temp-server-tests/kata-1/src/FizzBuzz/FizzBuzz.csproj (in 282 ms).
         Restored /home/runner/work/katas-tdd-jaimeforerog/katas-tdd-jaimeforerog/temp-server-tests/kata-1/tests/FizzBuzz.Tests/FizzBuzz.Tests.csproj (in 284 ms).
         
         NuGet Config files used:
             /home/runner/.nuget/NuGet/NuGet.Config
         
         Feeds used:
             https://api.nuget.org/v3/index.json
     1>Done Building Project "/home/runner/work/katas-tdd-jaimeforerog/katas-tdd-jaimeforerog/temp-server-tests/kata-1/Kata1.sln" (Restore target(s)).
   1:2>Project "/home/runner/work/katas-tdd-jaimeforerog/katas-tdd-jaimeforerog/temp-server-tests/kata-1/Kata1.sln" on node 1 (default targets).
     1>ValidateSolutionConfiguration:
         Building solution configuration "Debug|Any CPU".
   1:2>Project "/home/runner/work/katas-tdd-jaimeforerog/katas-tdd-jaimeforerog/temp-server-tests/kata-1/Kata1.sln" (1:2) is building "/home/runner/work/katas-tdd-jaimeforerog/katas-tdd-jaimeforerog/temp-server-tests/kata-1/src/FizzBuzz/FizzBuzz.csproj" (3:7) on node 1 (default targets).
     3>GenerateTargetFrameworkMonikerAttribute:
       Skipping target "GenerateTargetFrameworkMonikerAttribute" because all output files are up-to-date with respect to the input files.
       CoreGenerateAssemblyInfo:
       Skipping target "CoreGenerateAssemblyInfo" because all output files are up-to-date with respect to the input files.
       _GenerateSourceLinkFile:
         Source Link file 'obj/Debug/net9.0/FizzBuzz.sourcelink.json' is up-to-date.
       CoreCompile:
         Setting DOTNET_ROOT to '/usr/share/dotnet'
         /usr/share/dotnet/sdk/10.0.100/Roslyn/bincore/csc /noconfig /unsafe- /checked- /nowarn:1701,1702,1701,1702 /fullpaths /nostdlib+ /errorreport:prompt /warn:9 /define:TRACE;DEBUG;NET;NET9_0;NETCOREAPP;NET5_0_OR_GREATER;NET6_0_OR_GREATER;NET7_0_OR_GREATER;NET8_0_OR_GREATER;NET9_0_OR_GREATER;NETCOREAPP1_0_OR_GREATER;NETCOREAPP1_1_OR_GREATER;NETCOREAPP2_0_OR_GREATER;NETCOREAPP2_1_OR_GREATER;NETCOREAPP2_2_OR_GREATER;NETCOREAPP3_0_OR_GREATER;NETCOREAPP3_1_OR_GREATER /highentropyva+ /nullable:enable /reference:/home/runner/.nuget/packages/fluentassertions/8.8.0/lib/net6.0/FluentAssertions.dll /reference:/usr/share/dotnet/packs/Microsoft.NETCore.App.Ref/9.0.11/ref/net9.0/Microsoft.CSharp.dll /reference:/usr/share/dotnet/packs/Microsoft.NETCore.App.Ref/9.0.11/ref/net9.0/Microsoft.VisualBasic.Core.dll /reference:/usr/share/dotnet/packs/Microsoft.NETCore.App.Ref/9.0.11/ref/net9.0/Microsoft.VisualBasic.dll /reference:/usr/share/dotnet/packs/Microsoft.NETCore.App.Ref/9.0.11/ref/net9.0/Microsoft.Win32.Primitives.dl
         Compilation request FizzBuzz (net9.0), PathToTool=/usr/share/dotnet/sdk/10.0.100/Roslyn/bincore/csc
         CommandLine = ' /noconfig'
         BuildResponseFile = '/unsafe- /checked- /nowarn:1701,1702,1701,1702 /fullpaths /nostdlib+ /errorreport:prompt /warn:9 /define:TRACE;DEBUG;NET;NET9_0;NETCOREAPP;NET5_0_OR_GREATER;NET6_0_OR_GREATER;NET7_0_OR_GREATER;NET8_0_OR_GREATER;NET9_0_OR_GREATER;NETCOREAPP1_0_OR_GREATER;NETCOREAPP1_1_OR_GREATER;NETCOREAPP2_0_OR_GREATER;NETCOREAPP2_1_OR_GREATER;NETCOREAPP2_2_OR_GREATER;NETCOREAPP3_0_OR_GREATER;NETCOREAPP3_1_OR_GREATER /highentropyva+ /nullable:enable /reference:/home/runner/.nuget/packages/fluentassertions/8.8.0/lib/net6.0/FluentAssertions.dll /reference:/usr/share/dotnet/packs/Microsoft.NETCore.App.Ref/9.0.11/ref/net9.0/Microsoft.CSharp.dll /reference:/usr/share/dotnet/packs/Microsoft.NETCore.App.Ref/9.0.11/ref/net9.0/Microsoft.VisualBasic.Core.dll /reference:/usr/share/dotnet/packs/Microsoft.NETCore.App.Ref/9.0.11/ref/net9.0/Microsoft.VisualBasic.dll /reference:/usr/share/dotnet/packs/Microsoft.NETCore.App.Ref/9.0.11/ref/net9.0/Microsoft.Win32.Primitives.dll /reference:/usr/share/dotnet/packs/Mi
         Attempt to open named pipe '2ls7t78jxmkXU4KIGLk0+9aDnWqeSS4omTPOR67h6VY'
         Attempt to connect named pipe '2ls7t78jxmkXU4KIGLk0+9aDnWqeSS4omTPOR67h6VY'
         Named pipe '2ls7t78jxmkXU4KIGLk0+9aDnWqeSS4omTPOR67h6VY' connected
         Begin writing request for FizzBuzz (net9.0)
         End writing request for FizzBuzz (net9.0)
         Begin reading response for FizzBuzz (net9.0)
         End reading response for FizzBuzz (net9.0)
         CompilerServer: server - server processed compilation - FizzBuzz (net9.0)
       CopyFilesToOutputDirectory:
         Copying file from "/home/runner/work/katas-tdd-jaimeforerog/katas-tdd-jaimeforerog/temp-server-tests/kata-1/src/FizzBuzz/obj/Debug/net9.0/FizzBuzz.dll" to "/home/runner/work/katas-tdd-jaimeforerog/katas-tdd-jaimeforerog/temp-server-tests/kata-1/src/FizzBuzz/bin/Debug/net9.0/FizzBuzz.dll".
         FizzBuzz -> /home/runner/work/katas-tdd-jaimeforerog/katas-tdd-jaimeforerog/temp-server-tests/kata-1/src/FizzBuzz/bin/Debug/net9.0/FizzBuzz.dll
         Copying file from "/home/runner/work/katas-tdd-jaimeforerog/katas-tdd-jaimeforerog/temp-server-tests/kata-1/src/FizzBuzz/obj/Debug/net9.0/FizzBuzz.pdb" to "/home/runner/work/katas-tdd-jaimeforerog/katas-tdd-jaimeforerog/temp-server-tests/kata-1/src/FizzBuzz/bin/Debug/net9.0/FizzBuzz.pdb".
     3>Done Building Project "/home/runner/work/katas-tdd-jaimeforerog/katas-tdd-jaimeforerog/temp-server-tests/kata-1/src/FizzBuzz/FizzBuzz.csproj" (default targets).
   1:2>Project "/home/runner/work/katas-tdd-jaimeforerog/katas-tdd-jaimeforerog/temp-server-tests/kata-1/Kata1.sln" (1:2) is building "/home/runner/work/katas-tdd-jaimeforerog/katas-tdd-jaimeforerog/temp-server-tests/kata-1/tests/FizzBuzz.Tests/FizzBuzz.Tests.csproj" (2:6) on node 2 (default targets).
     2>GenerateTargetFrameworkMonikerAttribute:
       Skipping target "GenerateTargetFrameworkMonikerAttribute" because all output files are up-to-date with respect to the input files.
       CoreGenerateAssemblyInfo:
       Skipping target "CoreGenerateAssemblyInfo" because all output files are up-to-date with respect to the input files.
       _GenerateSourceLinkFile:
         Source Link file 'obj/Debug/net9.0/FizzBuzz.Tests.sourcelink.json' is up-to-date.
       CoreCompile:
         Setting DOTNET_ROOT to '/usr/share/dotnet'
         /usr/share/dotnet/sdk/10.0.100/Roslyn/bincore/csc /noconfig /unsafe- /checked- /nowarn:1701,1702,1701,1702 /fullpaths /nostdlib+ /errorreport:prompt /warn:9 /define:TRACE;DEBUG;NET;NET9_0;NETCOREAPP;NET5_0_OR_GREATER;NET6_0_OR_GREATER;NET7_0_OR_GREATER;NET8_0_OR_GREATER;NET9_0_OR_GREATER;NETCOREAPP1_0_OR_GREATER;NETCOREAPP1_1_OR_GREATER;NETCOREAPP2_0_OR_GREATER;NETCOREAPP2_1_OR_GREATER;NETCOREAPP2_2_OR_GREATER;NETCOREAPP3_0_OR_GREATER;NETCOREAPP3_1_OR_GREATER /highentropyva+ /nullable:enable /reference:/home/runner/work/katas-tdd-jaimeforerog/katas-tdd-jaimeforerog/temp-server-tests/kata-1/src/FizzBuzz/obj/Debug/net9.0/ref/FizzBuzz.dll /reference:/home/runner/.nuget/packages/fluentassertions/8.8.0/lib/net6.0/FluentAssertions.dll /reference:/usr/share/dotnet/packs/Microsoft.NETCore.App.Ref/9.0.11/ref/net9.0/Microsoft.CSharp.dll /reference:/home/runner/.nuget/packages/microsoft.testplatform.testhost/17.12.0/lib/netcoreapp3.1/Microsoft.TestPlatform.CommunicationUtilities.dll /reference:/home/runner/.nug
         Compilation request FizzBuzz.Tests (net9.0), PathToTool=/usr/share/dotnet/sdk/10.0.100/Roslyn/bincore/csc
         CommandLine = ' /noconfig'
         BuildResponseFile = '/unsafe- /checked- /nowarn:1701,1702,1701,1702 /fullpaths /nostdlib+ /errorreport:prompt /warn:9 /define:TRACE;DEBUG;NET;NET9_0;NETCOREAPP;NET5_0_OR_GREATER;NET6_0_OR_GREATER;NET7_0_OR_GREATER;NET8_0_OR_GREATER;NET9_0_OR_GREATER;NETCOREAPP1_0_OR_GREATER;NETCOREAPP1_1_OR_GREATER;NETCOREAPP2_0_OR_GREATER;NETCOREAPP2_1_OR_GREATER;NETCOREAPP2_2_OR_GREATER;NETCOREAPP3_0_OR_GREATER;NETCOREAPP3_1_OR_GREATER /highentropyva+ /nullable:enable /reference:/home/runner/work/katas-tdd-jaimeforerog/katas-tdd-jaimeforerog/temp-server-tests/kata-1/src/FizzBuzz/obj/Debug/net9.0/ref/FizzBuzz.dll /reference:/home/runner/.nuget/packages/fluentassertions/8.8.0/lib/net6.0/FluentAssertions.dll /reference:/usr/share/dotnet/packs/Microsoft.NETCore.App.Ref/9.0.11/ref/net9.0/Microsoft.CSharp.dll /reference:/home/runner/.nuget/packages/microsoft.testplatform.testhost/17.12.0/lib/netcoreapp3.1/Microsoft.TestPlatform.CommunicationUtilities.dll /reference:/home/runner/.nuget/packages/microsoft.testplatform.test
         Attempt to open named pipe '2ls7t78jxmkXU4KIGLk0+9aDnWqeSS4omTPOR67h6VY'
         Attempt to connect named pipe '2ls7t78jxmkXU4KIGLk0+9aDnWqeSS4omTPOR67h6VY'
         Named pipe '2ls7t78jxmkXU4KIGLk0+9aDnWqeSS4omTPOR67h6VY' connected
         Begin writing request for FizzBuzz.Tests (net9.0)
         End writing request for FizzBuzz.Tests (net9.0)
         Begin reading response for FizzBuzz.Tests (net9.0)
         End reading response for FizzBuzz.Tests (net9.0)
     2>/home/runner/work/katas-tdd-jaimeforerog/katas-tdd-jaimeforerog/temp-server-tests/kata-1/tests/FizzBuzz.Tests/ServerTests.cs(16,26): error CS0120: An object reference is required for the non-static field, method, or property 'FizzBuzzGenerator.Generate(int)' [/home/runner/work/katas-tdd-jaimeforerog/katas-tdd-jaimeforerog/temp-server-tests/kata-1/tests/FizzBuzz.Tests/FizzBuzz.Tests.csproj]
     2>/home/runner/work/katas-tdd-jaimeforerog/katas-tdd-jaimeforerog/temp-server-tests/kata-1/tests/FizzBuzz.Tests/ServerTests.cs(17,29): error CS1061: 'StringAssertions' does not contain a definition for 'HaveCount' and no accessible extension method 'HaveCount' accepting a first argument of type 'StringAssertions' could be found (are you missing a using directive or an assembly reference?) [/home/runner/work/katas-tdd-jaimeforerog/katas-tdd-jaimeforerog/temp-server-tests/kata-1/tests/FizzBuzz.Tests/FizzBuzz.Tests.csproj]
     2>/home/runner/work/katas-tdd-jaimeforerog/katas-tdd-jaimeforerog/temp-server-tests/kata-1/tests/FizzBuzz.Tests/ServerTests.cs(18,35): error CS1503: Argument 1: cannot convert from 'string' to 'char' [/home/runner/work/katas-tdd-jaimeforerog/katas-tdd-jaimeforerog/temp-server-tests/kata-1/tests/FizzBuzz.Tests/FizzBuzz.Tests.csproj]
     2>/home/runner/work/katas-tdd-jaimeforerog/katas-tdd-jaimeforerog/temp-server-tests/kata-1/tests/FizzBuzz.Tests/ServerTests.cs(24,26): error CS0120: An object reference is required for the non-static field, method, or property 'FizzBuzzGenerator.Generate(int)' [/home/runner/work/katas-tdd-jaimeforerog/katas-tdd-jaimeforerog/temp-server-tests/kata-1/tests/FizzBuzz.Tests/FizzBuzz.Tests.csproj]
     2>/home/runner/work/katas-tdd-jaimeforerog/katas-tdd-jaimeforerog/temp-server-tests/kata-1/tests/FizzBuzz.Tests/ServerTests.cs(25,29): error CS1061: 'StringAssertions' does not contain a definition for 'HaveCount' and no accessible extension method 'HaveCount' accepting a first argument of type 'StringAssertions' could be found (are you missing a using directive or an assembly reference?) [/home/runner/work/katas-tdd-jaimeforerog/katas-tdd-jaimeforerog/temp-server-tests/kata-1/tests/FizzBuzz.Tests/FizzBuzz.Tests.csproj]
     2>/home/runner/work/katas-tdd-jaimeforerog/katas-tdd-jaimeforerog/temp-server-tests/kata-1/tests/FizzBuzz.Tests/ServerTests.cs(26,35): error CS1503: Argument 1: cannot convert from 'string' to 'char' [/home/runner/work/katas-tdd-jaimeforerog/katas-tdd-jaimeforerog/temp-server-tests/kata-1/tests/FizzBuzz.Tests/FizzBuzz.Tests.csproj]
     2>/home/runner/work/katas-tdd-jaimeforerog/katas-tdd-jaimeforerog/temp-server-tests/kata-1/tests/FizzBuzz.Tests/ServerTests.cs(27,35): error CS1503: Argument 1: cannot convert from 'string' to 'char' [/home/runner/work/katas-tdd-jaimeforerog/katas-tdd-jaimeforerog/temp-server-tests/kata-1/tests/FizzBuzz.Tests/FizzBuzz.Tests.csproj]
     2>/home/runner/work/katas-tdd-jaimeforerog/katas-tdd-jaimeforerog/temp-server-tests/kata-1/tests/FizzBuzz.Tests/ServerTests.cs(33,26): error CS0120: An object reference is required for the non-static field, method, or property 'FizzBuzzGenerator.Generate(int)' [/home/runner/work/katas-tdd-jaimeforerog/katas-tdd-jaimeforerog/temp-server-tests/kata-1/tests/FizzBuzz.Tests/FizzBuzz.Tests.csproj]
     2>/home/runner/work/katas-tdd-jaimeforerog/katas-tdd-jaimeforerog/temp-server-tests/kata-1/tests/FizzBuzz.Tests/ServerTests.cs(34,29): error CS1061: 'StringAssertions' does not contain a definition for 'HaveCount' and no accessible extension method 'HaveCount' accepting a first argument of type 'StringAssertions' could be found (are you missing a using directive or an assembly reference?) [/home/runner/work/katas-tdd-jaimeforerog/katas-tdd-jaimeforerog/temp-server-tests/kata-1/tests/FizzBuzz.Tests/FizzBuzz.Tests.csproj]
     2>/home/runner/work/katas-tdd-jaimeforerog/katas-tdd-jaimeforerog/temp-server-tests/kata-1/tests/FizzBuzz.Tests/ServerTests.cs(35,35): error CS1503: Argument 1: cannot convert from 'string' to 'char' [/home/runner/work/katas-tdd-jaimeforerog/katas-tdd-jaimeforerog/temp-server-tests/kata-1/tests/FizzBuzz.Tests/FizzBuzz.Tests.csproj]
     2>/home/runner/work/katas-tdd-jaimeforerog/katas-tdd-jaimeforerog/temp-server-tests/kata-1/tests/FizzBuzz.Tests/ServerTests.cs(36,35): error CS1503: Argument 1: cannot convert from 'string' to 'char' [/home/runner/work/katas-tdd-jaimeforerog/katas-tdd-jaimeforerog/temp-server-tests/kata-1/tests/FizzBuzz.Tests/FizzBuzz.Tests.csproj]
     2>/home/runner/work/katas-tdd-jaimeforerog/katas-tdd-jaimeforerog/temp-server-tests/kata-1/tests/FizzBuzz.Tests/ServerTests.cs(37,35): error CS1503: Argument 1: cannot convert from 'string' to 'char' [/home/runner/work/katas-tdd-jaimeforerog/katas-tdd-jaimeforerog/temp-server-tests/kata-1/tests/FizzBuzz.Tests/FizzBuzz.Tests.csproj]
     2>/home/runner/work/katas-tdd-jaimeforerog/katas-tdd-jaimeforerog/temp-server-tests/kata-1/tests/FizzBuzz.Tests/ServerTests.cs(43,26): error CS0120: An object reference is required for the non-static field, method, or property 'FizzBuzzGenerator.Generate(int)' [/home/runner/work/katas-tdd-jaimeforerog/katas-tdd-jaimeforerog/temp-server-tests/kata-1/tests/FizzBuzz.Tests/FizzBuzz.Tests.csproj]
     2>/home/runner/work/katas-tdd-jaimeforerog/katas-tdd-jaimeforerog/temp-server-tests/kata-1/tests/FizzBuzz.Tests/ServerTests.cs(44,29): error CS1061: 'StringAssertions' does not contain a definition for 'HaveCount' and no accessible extension method 'HaveCount' accepting a first argument of type 'StringAssertions' could be found (are you missing a using directive or an assembly reference?) [/home/runner/work/katas-tdd-jaimeforerog/katas-tdd-jaimeforerog/temp-server-tests/kata-1/tests/FizzBuzz.Tests/FizzBuzz.Tests.csproj]
     2>/home/runner/work/katas-tdd-jaimeforerog/katas-tdd-jaimeforerog/temp-server-tests/kata-1/tests/FizzBuzz.Tests/ServerTests.cs(45,35): error CS1503: Argument 1: cannot convert from 'string' to 'char' [/home/runner/work/katas-tdd-jaimeforerog/katas-tdd-jaimeforerog/temp-server-tests/kata-1/tests/FizzBuzz.Tests/FizzBuzz.Tests.csproj]
     2>/home/runner/work/katas-tdd-jaimeforerog/katas-tdd-jaimeforerog/temp-server-tests/kata-1/tests/FizzBuzz.Tests/ServerTests.cs(46,35): error CS1503: Argument 1: cannot convert from 'string' to 'char' [/home/runner/work/katas-tdd-jaimeforerog/katas-tdd-jaimeforerog/temp-server-tests/kata-1/tests/FizzBuzz.Tests/FizzBuzz.Tests.csproj]
     2>/home/runner/work/katas-tdd-jaimeforerog/katas-tdd-jaimeforerog/temp-server-tests/kata-1/tests/FizzBuzz.Tests/ServerTests.cs(47,35): error CS1503: Argument 1: cannot convert from 'string' to 'char' [/home/runner/work/katas-tdd-jaimeforerog/katas-tdd-jaimeforerog/temp-server-tests/kata-1/tests/FizzBuzz.Tests/FizzBuzz.Tests.csproj]
     2>/home/runner/work/katas-tdd-jaimeforerog/katas-tdd-jaimeforerog/temp-server-tests/kata-1/tests/FizzBuzz.Tests/ServerTests.cs(48,35): error CS1503: Argument 1: cannot convert from 'string' to 'char' [/home/runner/work/katas-tdd-jaimeforerog/katas-tdd-jaimeforerog/temp-server-tests/kata-1/tests/FizzBuzz.Tests/FizzBuzz.Tests.csproj]
     2>/home/runner/work/katas-tdd-jaimeforerog/katas-tdd-jaimeforerog/temp-server-tests/kata-1/tests/FizzBuzz.Tests/ServerTests.cs(49,35): error CS1503: Argument 1: cannot convert from 'string' to 'char' [/home/runner/work/katas-tdd-jaimeforerog/katas-tdd-jaimeforerog/temp-server-tests/kata-1/tests/FizzBuzz.Tests/FizzBuzz.Tests.csproj]
     2>/home/runner/work/katas-tdd-jaimeforerog/katas-tdd-jaimeforerog/temp-server-tests/kata-1/tests/FizzBuzz.Tests/ServerTests.cs(55,26): error CS0120: An object reference is required for the non-static field, method, or property 'FizzBuzzGenerator.Generate(int)' [/home/runner/work/katas-tdd-jaimeforerog/katas-tdd-jaimeforerog/temp-server-tests/kata-1/tests/FizzBuzz.Tests/FizzBuzz.Tests.csproj]
     2>/home/runner/work/katas-tdd-jaimeforerog/katas-tdd-jaimeforerog/temp-server-tests/kata-1/tests/FizzBuzz.Tests/ServerTests.cs(56,29): error CS1061: 'StringAssertions' does not contain a definition for 'HaveCount' and no accessible extension method 'HaveCount' accepting a first argument of type 'StringAssertions' could be found (are you missing a using directive or an assembly reference?) [/home/runner/work/katas-tdd-jaimeforerog/katas-tdd-jaimeforerog/temp-server-tests/kata-1/tests/FizzBuzz.Tests/FizzBuzz.Tests.csproj]
     2>/home/runner/work/katas-tdd-jaimeforerog/katas-tdd-jaimeforerog/temp-server-tests/kata-1/tests/FizzBuzz.Tests/ServerTests.cs(57,36): error CS1503: Argument 1: cannot convert from 'string' to 'char' [/home/runner/work/katas-tdd-jaimeforerog/katas-tdd-jaimeforerog/temp-server-tests/kata-1/tests/FizzBuzz.Tests/FizzBuzz.Tests.csproj]
     2>/home/runner/work/katas-tdd-jaimeforerog/katas-tdd-jaimeforerog/temp-server-tests/kata-1/tests/FizzBuzz.Tests/ServerTests.cs(63,26): error CS0120: An object reference is required for the non-static field, method, or property 'FizzBuzzGenerator.Generate(int)' [/home/runner/work/katas-tdd-jaimeforerog/katas-tdd-jaimeforerog/temp-server-tests/kata-1/tests/FizzBuzz.Tests/FizzBuzz.Tests.csproj]
     2>/home/runner/work/katas-tdd-jaimeforerog/katas-tdd-jaimeforerog/temp-server-tests/kata-1/tests/FizzBuzz.Tests/ServerTests.cs(64,35): error CS1503: Argument 1: cannot convert from 'string' to 'char' [/home/runner/work/katas-tdd-jaimeforerog/katas-tdd-jaimeforerog/temp-server-tests/kata-1/tests/FizzBuzz.Tests/FizzBuzz.Tests.csproj]
     2>/home/runner/work/katas-tdd-jaimeforerog/katas-tdd-jaimeforerog/temp-server-tests/kata-1/tests/FizzBuzz.Tests/ServerTests.cs(65,35): error CS1503: Argument 1: cannot convert from 'string' to 'char' [/home/runner/work/katas-tdd-jaimeforerog/katas-tdd-jaimeforerog/temp-server-tests/kata-1/tests/FizzBuzz.Tests/FizzBuzz.Tests.csproj]
     2>/home/runner/work/katas-tdd-jaimeforerog/katas-tdd-jaimeforerog/temp-server-tests/kata-1/tests/FizzBuzz.Tests/ServerTests.cs(66,35): error CS1503: Argument 1: cannot convert from 'string' to 'char' [/home/runner/work/katas-tdd-jaimeforerog/katas-tdd-jaimeforerog/temp-server-tests/kata-1/tests/FizzBuzz.Tests/FizzBuzz.Tests.csproj]
     2>/home/runner/work/katas-tdd-jaimeforerog/katas-tdd-jaimeforerog/temp-server-tests/kata-1/tests/FizzBuzz.Tests/ServerTests.cs(72,26): error CS0120: An object reference is required for the non-static field, method, or property 'FizzBuzzGenerator.Generate(int)' [/home/runner/work/katas-tdd-jaimeforerog/katas-tdd-jaimeforerog/temp-server-tests/kata-1/tests/FizzBuzz.Tests/FizzBuzz.Tests.csproj]
     2>/home/runner/work/katas-tdd-jaimeforerog/katas-tdd-jaimeforerog/temp-server-tests/kata-1/tests/FizzBuzz.Tests/ServerTests.cs(73,35): error CS1503: Argument 1: cannot convert from 'string' to 'char' [/home/runner/work/katas-tdd-jaimeforerog/katas-tdd-jaimeforerog/temp-server-tests/kata-1/tests/FizzBuzz.Tests/FizzBuzz.Tests.csproj]
     2>/home/runner/work/katas-tdd-jaimeforerog/katas-tdd-jaimeforerog/temp-server-tests/kata-1/tests/FizzBuzz.Tests/ServerTests.cs(74,35): error CS1503: Argument 1: cannot convert from 'string' to 'char' [/home/runner/work/katas-tdd-jaimeforerog/katas-tdd-jaimeforerog/temp-server-tests/kata-1/tests/FizzBuzz.Tests/FizzBuzz.Tests.csproj]
     2>/home/runner/work/katas-tdd-jaimeforerog/katas-tdd-jaimeforerog/temp-server-tests/kata-1/tests/FizzBuzz.Tests/ServerTests.cs(80,26): error CS0120: An object reference is required for the non-static field, method, or property 'FizzBuzzGenerator.Generate(int)' [/home/runner/work/katas-tdd-jaimeforerog/katas-tdd-jaimeforerog/temp-server-tests/kata-1/tests/FizzBuzz.Tests/FizzBuzz.Tests.csproj]
     2>/home/runner/work/katas-tdd-jaimeforerog/katas-tdd-jaimeforerog/temp-server-tests/kata-1/tests/FizzBuzz.Tests/ServerTests.cs(81,36): error CS1503: Argument 1: cannot convert from 'string' to 'char' [/home/runner/work/katas-tdd-jaimeforerog/katas-tdd-jaimeforerog/temp-server-tests/kata-1/tests/FizzBuzz.Tests/FizzBuzz.Tests.csproj]
     2>/home/runner/work/katas-tdd-jaimeforerog/katas-tdd-jaimeforerog/temp-server-tests/kata-1/tests/FizzBuzz.Tests/ServerTests.cs(82,36): error CS1503: Argument 1: cannot convert from 'string' to 'char' [/home/runner/work/katas-tdd-jaimeforerog/katas-tdd-jaimeforerog/temp-server-tests/kata-1/tests/FizzBuzz.Tests/FizzBuzz.Tests.csproj]
     2>/home/runner/work/katas-tdd-jaimeforerog/katas-tdd-jaimeforerog/temp-server-tests/kata-1/tests/FizzBuzz.Tests/ServerTests.cs(88,26): error CS0120: An object reference is required for the non-static field, method, or property 'FizzBuzzGenerator.Generate(int)' [/home/runner/work/katas-tdd-jaimeforerog/katas-tdd-jaimeforerog/temp-server-tests/kata-1/tests/FizzBuzz.Tests/FizzBuzz.Tests.csproj]
     2>/home/runner/work/katas-tdd-jaimeforerog/katas-tdd-jaimeforerog/temp-server-tests/kata-1/tests/FizzBuzz.Tests/ServerTests.cs(95,26): error CS0120: An object reference is required for the non-static field, method, or property 'FizzBuzzGenerator.Generate(int)' [/home/runner/work/katas-tdd-jaimeforerog/katas-tdd-jaimeforerog/temp-server-tests/kata-1/tests/FizzBuzz.Tests/FizzBuzz.Tests.csproj]
     2>/home/runner/work/katas-tdd-jaimeforerog/katas-tdd-jaimeforerog/temp-server-tests/kata-1/tests/FizzBuzz.Tests/ServerTests.cs(97,44): error CS1503: Argument 1: cannot convert from 'string[]' to 'string' [/home/runner/work/katas-tdd-jaimeforerog/katas-tdd-jaimeforerog/temp-server-tests/kata-1/tests/FizzBuzz.Tests/FizzBuzz.Tests.csproj]
         CompilerServer: server - server processed compilation - FizzBuzz.Tests (net9.0)
     2>Done Building Project "/home/runner/work/katas-tdd-jaimeforerog/katas-tdd-jaimeforerog/temp-server-tests/kata-1/tests/FizzBuzz.Tests/FizzBuzz.Tests.csproj" (default targets) -- FAILED.
     1>Done Building Project "/home/runner/work/katas-tdd-jaimeforerog/katas-tdd-jaimeforerog/temp-server-tests/kata-1/Kata1.sln" (default targets) -- FAILED.
Build FAILED.
       "/home/runner/work/katas-tdd-jaimeforerog/katas-tdd-jaimeforerog/temp-server-tests/kata-1/Kata1.sln" (default target) (1:2) ->
       "/home/runner/work/katas-tdd-jaimeforerog/katas-tdd-jaimeforerog/temp-server-tests/kata-1/tests/FizzBuzz.Tests/FizzBuzz.Tests.csproj" (default target) (2:6) ->
       (CoreCompile target) -> 
         /home/runner/work/katas-tdd-jaimeforerog/katas-tdd-jaimeforerog/temp-server-tests/kata-1/tests/FizzBuzz.Tests/ServerTests.cs(16,26): error CS0120: An object reference is required for the non-static field, method, or property 'FizzBuzzGenerator.Generate(int)' [/home/runner/work/katas-tdd-jaimeforerog/katas-tdd-jaimeforerog/temp-server-tests/kata-1/tests/FizzBuzz.Tests/FizzBuzz.Tests.csproj]
         /home/runner/work/katas-tdd-jaimeforerog/katas-tdd-jaimeforerog/temp-server-tests/kata-1/tests/FizzBuzz.Tests/ServerTests.cs(17,29): error CS1061: 'StringAssertions' does not contain a definition for 'HaveCount' and no accessible extension method 'HaveCount' accepting a first argument of type 'StringAssertions' could be found (are you missing a using directive or an assembly reference?) [/home/runner/work/katas-tdd-jaimeforerog/katas-tdd-jaimeforerog/temp-server-tests/kata-1/tests/FizzBuzz.Tests/FizzBuzz.Tests.csproj]
         /home/runner/work/katas-tdd-jaimeforerog/katas-tdd-jaimeforerog/temp-server-tests/kata-1/tests/FizzBuzz.Tests/ServerTests.cs(18,35): error CS1503: Argument 1: cannot convert from 'string' to 'char' [/home/runner/work/katas-tdd-jaimeforerog/katas-tdd-jaimeforerog/temp-server-tests/kata-1/tests/FizzBuzz.Tests/FizzBuzz.Tests.csproj]
         /home/runner/work/katas-tdd-jaimeforerog/katas-tdd-jaimeforerog/temp-server-tests/kata-1/tests/FizzBuzz.Tests/ServerTests.cs(24,26): error CS0120: An object reference is required for the non-static field, method, or property 'FizzBuzzGenerator.Generate(int)' [/home/runner/work/katas-tdd-jaimeforerog/katas-tdd-jaimeforerog/temp-server-tests/kata-1/tests/FizzBuzz.Tests/FizzBuzz.Tests.csproj]
         /home/runner/work/katas-tdd-jaimeforerog/katas-tdd-jaimeforerog/temp-server-tests/kata-1/tests/FizzBuzz.Tests/ServerTests.cs(25,29): error CS1061: 'StringAssertions' does not contain a definition for 'HaveCount' and no accessible extension method 'HaveCount' accepting a first argument of type 'StringAssertions' could be found (are you missing a using directive or an assembly reference?) [/home/runner/work/katas-tdd-jaimeforerog/katas-tdd-jaimeforerog/temp-server-tests/kata-1/tests/FizzBuzz.Tests/FizzBuzz.Tests.csproj]
         /home/runner/work/katas-tdd-jaimeforerog/katas-tdd-jaimeforerog/temp-server-tests/kata-1/tests/FizzBuzz.Tests/ServerTests.cs(26,35): error CS1503: Argument 1: cannot convert from 'string' to 'char' [/home/runner/work/katas-tdd-jaimeforerog/katas-tdd-jaimeforerog/temp-server-tests/kata-1/tests/FizzBuzz.Tests/FizzBuzz.Tests.csproj]
         /home/runner/work/katas-tdd-jaimeforerog/katas-tdd-jaimeforerog/temp-server-tests/kata-1/tests/FizzBuzz.Tests/ServerTests.cs(27,35): error CS1503: Argument 1: cannot convert from 'string' to 'char' [/home/runner/work/katas-tdd-jaimeforerog/katas-tdd-jaimeforerog/temp-server-tests/kata-1/tests/FizzBuzz.Tests/FizzBuzz.Tests.csproj]
         /home/runner/work/katas-tdd-jaimeforerog/katas-tdd-jaimeforerog/temp-server-tests/kata-1/tests/FizzBuzz.Tests/ServerTests.cs(33,26): error CS0120: An object reference is required for the non-static field, method, or property 'FizzBuzzGenerator.Generate(int)' [/home/runner/work/katas-tdd-jaimeforerog/katas-tdd-jaimeforerog/temp-server-tests/kata-1/tests/FizzBuzz.Tests/FizzBuzz.Tests.csproj]
         /home/runner/work/katas-tdd-jaimeforerog/katas-tdd-jaimeforerog/temp-server-tests/kata-1/tests/FizzBuzz.Tests/ServerTests.cs(34,29): error CS1061: 'StringAssertions' does not contain a definition for 'HaveCount' and no accessible extension method 'HaveCount' accepting a first argument of type 'StringAssertions' could be found (are you missing a using directive or an assembly reference?) [/home/runner/work/katas-tdd-jaimeforerog/katas-tdd-jaimeforerog/temp-server-tests/kata-1/tests/FizzBuzz.Tests/FizzBuzz.Tests.csproj]
         /home/runner/work/katas-tdd-jaimeforerog/katas-tdd-jaimeforerog/temp-server-tests/kata-1/tests/FizzBuzz.Tests/ServerTests.cs(35,35): error CS1503: Argument 1: cannot convert from 'string' to 'char' [/home/runner/work/katas-tdd-jaimeforerog/katas-tdd-jaimeforerog/temp-server-tests/kata-1/tests/FizzBuzz.Tests/FizzBuzz.Tests.csproj]
         /home/runner/work/katas-tdd-jaimeforerog/katas-tdd-jaimeforerog/temp-server-tests/kata-1/tests/FizzBuzz.Tests/ServerTests.cs(36,35): error CS1503: Argument 1: cannot convert from 'string' to 'char' [/home/runner/work/katas-tdd-jaimeforerog/katas-tdd-jaimeforerog/temp-server-tests/kata-1/tests/FizzBuzz.Tests/FizzBuzz.Tests.csproj]
         /home/runner/work/katas-tdd-jaimeforerog/katas-tdd-jaimeforerog/temp-server-tests/kata-1/tests/FizzBuzz.Tests/ServerTests.cs(37,35): error CS1503: Argument 1: cannot convert from 'string' to 'char' [/home/runner/work/katas-tdd-jaimeforerog/katas-tdd-jaimeforerog/temp-server-tests/kata-1/tests/FizzBuzz.Tests/FizzBuzz.Tests.csproj]
         /home/runner/work/katas-tdd-jaimeforerog/katas-tdd-jaimeforerog/temp-server-tests/kata-1/tests/FizzBuzz.Tests/ServerTests.cs(43,26): error CS0120: An object reference is required for the non-static field, method, or property 'FizzBuzzGenerator.Generate(int)' [/home/runner/work/katas-tdd-jaimeforerog/katas-tdd-jaimeforerog/temp-server-tests/kata-1/tests/FizzBuzz.Tests/FizzBuzz.Tests.csproj]
         /home/runner/work/katas-tdd-jaimeforerog/katas-tdd-jaimeforerog/temp-server-tests/kata-1/tests/FizzBuzz.Tests/ServerTests.cs(44,29): error CS1061: 'StringAssertions' does not contain a definition for 'HaveCount' and no accessible extension method 'HaveCount' accepting a first argument of type 'StringAssertions' could be found (are you missing a using directive or an assembly reference?) [/home/runner/work/katas-tdd-jaimeforerog/katas-tdd-jaimeforerog/temp-server-tests/kata-1/tests/FizzBuzz.Tests/FizzBuzz.Tests.csproj]
         /home/runner/work/katas-tdd-jaimeforerog/katas-tdd-jaimeforerog/temp-server-tests/kata-1/tests/FizzBuzz.Tests/ServerTests.cs(45,35): error CS1503: Argument 1: cannot convert from 'string' to 'char' [/home/runner/work/katas-tdd-jaimeforerog/katas-tdd-jaimeforerog/temp-server-tests/kata-1/tests/FizzBuzz.Tests/FizzBuzz.Tests.csproj]
         /home/runner/work/katas-tdd-jaimeforerog/katas-tdd-jaimeforerog/temp-server-tests/kata-1/tests/FizzBuzz.Tests/ServerTests.cs(46,35): error CS1503: Argument 1: cannot convert from 'string' to 'char' [/home/runner/work/katas-tdd-jaimeforerog/katas-tdd-jaimeforerog/temp-server-tests/kata-1/tests/FizzBuzz.Tests/FizzBuzz.Tests.csproj]
         /home/runner/work/katas-tdd-jaimeforerog/katas-tdd-jaimeforerog/temp-server-tests/kata-1/tests/FizzBuzz.Tests/ServerTests.cs(47,35): error CS1503: Argument 1: cannot convert from 'string' to 'char' [/home/runner/work/katas-tdd-jaimeforerog/katas-tdd-jaimeforerog/temp-server-tests/kata-1/tests/FizzBuzz.Tests/FizzBuzz.Tests.csproj]
         /home/runner/work/katas-tdd-jaimeforerog/katas-tdd-jaimeforerog/temp-server-tests/kata-1/tests/FizzBuzz.Tests/ServerTests.cs(48,35): error CS1503: Argument 1: cannot convert from 'string' to 'char' [/home/runner/work/katas-tdd-jaimeforerog/katas-tdd-jaimeforerog/temp-server-tests/kata-1/tests/FizzBuzz.Tests/FizzBuzz.Tests.csproj]
         /home/runner/work/katas-tdd-jaimeforerog/katas-tdd-jaimeforerog/temp-server-tests/kata-1/tests/FizzBuzz.Tests/ServerTests.cs(49,35): error CS1503: Argument 1: cannot convert from 'string' to 'char' [/home/runner/work/katas-tdd-jaimeforerog/katas-tdd-jaimeforerog/temp-server-tests/kata-1/tests/FizzBuzz.Tests/FizzBuzz.Tests.csproj]
         /home/runner/work/katas-tdd-jaimeforerog/katas-tdd-jaimeforerog/temp-server-tests/kata-1/tests/FizzBuzz.Tests/ServerTests.cs(55,26): error CS0120: An object reference is required for the non-static field, method, or property 'FizzBuzzGenerator.Generate(int)' [/home/runner/work/katas-tdd-jaimeforerog/katas-tdd-jaimeforerog/temp-server-tests/kata-1/tests/FizzBuzz.Tests/FizzBuzz.Tests.csproj]
         /home/runner/work/katas-tdd-jaimeforerog/katas-tdd-jaimeforerog/temp-server-tests/kata-1/tests/FizzBuzz.Tests/ServerTests.cs(56,29): error CS1061: 'StringAssertions' does not contain a definition for 'HaveCount' and no accessible extension method 'HaveCount' accepting a first argument of type 'StringAssertions' could be found (are you missing a using directive or an assembly reference?) [/home/runner/work/katas-tdd-jaimeforerog/katas-tdd-jaimeforerog/temp-server-tests/kata-1/tests/FizzBuzz.Tests/FizzBuzz.Tests.csproj]
         /home/runner/work/katas-tdd-jaimeforerog/katas-tdd-jaimeforerog/temp-server-tests/kata-1/tests/FizzBuzz.Tests/ServerTests.cs(57,36): error CS1503: Argument 1: cannot convert from 'string' to 'char' [/home/runner/work/katas-tdd-jaimeforerog/katas-tdd-jaimeforerog/temp-server-tests/kata-1/tests/FizzBuzz.Tests/FizzBuzz.Tests.csproj]
         /home/runner/work/katas-tdd-jaimeforerog/katas-tdd-jaimeforerog/temp-server-tests/kata-1/tests/FizzBuzz.Tests/ServerTests.cs(63,26): error CS0120: An object reference is required for the non-static field, method, or property 'FizzBuzzGenerator.Generate(int)' [/home/runner/work/katas-tdd-jaimeforerog/katas-tdd-jaimeforerog/temp-server-tests/kata-1/tests/FizzBuzz.Tests/FizzBuzz.Tests.csproj]
         /home/runner/work/katas-tdd-jaimeforerog/katas-tdd-jaimeforerog/temp-server-tests/kata-1/tests/FizzBuzz.Tests/ServerTests.cs(64,35): error CS1503: Argument 1: cannot convert from 'string' to 'char' [/home/runner/work/katas-tdd-jaimeforerog/katas-tdd-jaimeforerog/temp-server-tests/kata-1/tests/FizzBuzz.Tests/FizzBuzz.Tests.csproj]
         /home/runner/work/katas-tdd-jaimeforerog/katas-tdd-jaimeforerog/temp-server-tests/kata-1/tests/FizzBuzz.Tests/ServerTests.cs(65,35): error CS1503: Argument 1: cannot convert from 'string' to 'char' [/home/runner/work/katas-tdd-jaimeforerog/katas-tdd-jaimeforerog/temp-server-tests/kata-1/tests/FizzBuzz.Tests/FizzBuzz.Tests.csproj]
         /home/runner/work/katas-tdd-jaimeforerog/katas-tdd-jaimeforerog/temp-server-tests/kata-1/tests/FizzBuzz.Tests/ServerTests.cs(66,35): error CS1503: Argument 1: cannot convert from 'string' to 'char' [/home/runner/work/katas-tdd-jaimeforerog/katas-tdd-jaimeforerog/temp-server-tests/kata-1/tests/FizzBuzz.Tests/FizzBuzz.Tests.csproj]
         /home/runner/work/katas-tdd-jaimeforerog/katas-tdd-jaimeforerog/temp-server-tests/kata-1/tests/FizzBuzz.Tests/ServerTests.cs(72,26): error CS0120: An object reference is required for the non-static field, method, or property 'FizzBuzzGenerator.Generate(int)' [/home/runner/work/katas-tdd-jaimeforerog/katas-tdd-jaimeforerog/temp-server-tests/kata-1/tests/FizzBuzz.Tests/FizzBuzz.Tests.csproj]
         /home/runner/work/katas-tdd-jaimeforerog/katas-tdd-jaimeforerog/temp-server-tests/kata-1/tests/FizzBuzz.Tests/ServerTests.cs(73,35): error CS1503: Argument 1: cannot convert from 'string' to 'char' [/home/runner/work/katas-tdd-jaimeforerog/katas-tdd-jaimeforerog/temp-server-tests/kata-1/tests/FizzBuzz.Tests/FizzBuzz.Tests.csproj]
         /home/runner/work/katas-tdd-jaimeforerog/katas-tdd-jaimeforerog/temp-server-tests/kata-1/tests/FizzBuzz.Tests/ServerTests.cs(74,35): error CS1503: Argument 1: cannot convert from 'string' to 'char' [/home/runner/work/katas-tdd-jaimeforerog/katas-tdd-jaimeforerog/temp-server-tests/kata-1/tests/FizzBuzz.Tests/FizzBuzz.Tests.csproj]
         /home/runner/work/katas-tdd-jaimeforerog/katas-tdd-jaimeforerog/temp-server-tests/kata-1/tests/FizzBuzz.Tests/ServerTests.cs(80,26): error CS0120: An object reference is required for the non-static field, method, or property 'FizzBuzzGenerator.Generate(int)' [/home/runner/work/katas-tdd-jaimeforerog/katas-tdd-jaimeforerog/temp-server-tests/kata-1/tests/FizzBuzz.Tests/FizzBuzz.Tests.csproj]
         /home/runner/work/katas-tdd-jaimeforerog/katas-tdd-jaimeforerog/temp-server-tests/kata-1/tests/FizzBuzz.Tests/ServerTests.cs(81,36): error CS1503: Argument 1: cannot convert from 'string' to 'char' [/home/runner/work/katas-tdd-jaimeforerog/katas-tdd-jaimeforerog/temp-server-tests/kata-1/tests/FizzBuzz.Tests/FizzBuzz.Tests.csproj]
         /home/runner/work/katas-tdd-jaimeforerog/katas-tdd-jaimeforerog/temp-server-tests/kata-1/tests/FizzBuzz.Tests/ServerTests.cs(82,36): error CS1503: Argument 1: cannot convert from 'string' to 'char' [/home/runner/work/katas-tdd-jaimeforerog/katas-tdd-jaimeforerog/temp-server-tests/kata-1/tests/FizzBuzz.Tests/FizzBuzz.Tests.csproj]
         /home/runner/work/katas-tdd-jaimeforerog/katas-tdd-jaimeforerog/temp-server-tests/kata-1/tests/FizzBuzz.Tests/ServerTests.cs(88,26): error CS0120: An object reference is required for the non-static field, method, or property 'FizzBuzzGenerator.Generate(int)' [/home/runner/work/katas-tdd-jaimeforerog/katas-tdd-jaimeforerog/temp-server-tests/kata-1/tests/FizzBuzz.Tests/FizzBuzz.Tests.csproj]
         /home/runner/work/katas-tdd-jaimeforerog/katas-tdd-jaimeforerog/temp-server-tests/kata-1/tests/FizzBuzz.Tests/ServerTests.cs(95,26): error CS0120: An object reference is required for the non-static field, method, or property 'FizzBuzzGenerator.Generate(int)' [/home/runner/work/katas-tdd-jaimeforerog/katas-tdd-jaimeforerog/temp-server-tests/kata-1/tests/FizzBuzz.Tests/FizzBuzz.Tests.csproj]
         /home/runner/work/katas-tdd-jaimeforerog/katas-tdd-jaimeforerog/temp-server-tests/kata-1/tests/FizzBuzz.Tests/ServerTests.cs(97,44): error CS1503: Argument 1: cannot convert from 'string[]' to 'string' [/home/runner/work/katas-tdd-jaimeforerog/katas-tdd-jaimeforerog/temp-server-tests/kata-1/tests/FizzBuzz.Tests/FizzBuzz.Tests.csproj]
    0 Warning(s)
    35 Error(s)
Time Elapsed 00:00:01.62
Error: Process completed with exit code 1.
0s
0s
0s
0s
0s
Run if [ "failure" == "success" ]; then
  % Total    % Received % Xferd  Average Speed   Time    Time     Time  Current
                                 Dload  Upload   Total   Spent    Left  Speed
  0     0    0     0    0     0      0      0 --:--:-- --:--:-- --:--:--     0
100  2009  100  1787  100   222   3687    458 --:--:-- --:--:-- --:--:--  4150
{
  "url": "https://api.github.com/repos/SincosoftSAS/katas-tdd-jaimeforerog/statuses/baaf2273f76ef6823db2efa630ac77edbc14e2a9",
  "avatar_url": "https://avatars.githubusercontent.com/in/15368?v=4",
  "id": 41550084820,
  "node_id": "SC_kwDOQiwCVc8AAAAJrJP61A",
  "state": "failure",
  "description": "‚ùå Tests failed - check logs for details",
  "target_url": "https://github.com/SincosoftSAS/katas-tdd-jaimeforerog/actions/runs/19982352988",
  "context": "kata-tests",
  "created_at": "2025-12-06T03:33:02Z",
  "updated_at": "2025-12-06T03:33:02Z",
  "creator": {
    "login": "github-actions[bot]",
    "id": 41898282,
    "node_id": "MDM6Qm90NDE4OTgyODI=",
    "avatar_url": "https://avatars.githubusercontent.com/in/15368?v=4",
    "gravatar_id": "",
    "url": "https://api.github.com/users/github-actions%5Bbot%5D",
    "html_url": "https://github.com/apps/github-actions",
    "followers_url": "https://api.github.com/users/github-actions%5Bbot%5D/followers",
    "following_url": "https://api.github.com/users/github-actions%5Bbot%5D/following{/other_user}",
    "gists_url": "https://api.github.com/users/github-actions%5Bbot%5D/gists{/gist_id}",
    "starred_url": "https://api.github.com/users/github-actions%5Bbot%5D/starred{/owner}{/repo}",
    "subscriptions_url": "https://api.github.com/users/github-actions%5Bbot%5D/subscriptions",
    "organizations_url": "https://api.github.com/users/github-actions%5Bbot%5D/orgs",
    "repos_url": "https://api.github.com/users/github-actions%5Bbot%5D/repos",
    "events_url": "https://api.github.com/users/github-actions%5Bbot%5D/events{/privacy}",
    "received_events_url": "https://api.github.com/users/github-actions%5Bbot%5D/received_events",
    "type": "Bot",
    "user_view_type": "public",
    "site_admin": false
  }
}